<?xml version="1.0" encoding="UTF-8"?>
<!-- Generated by org.testng.reporters.JUnitReportReporter -->
<testsuite hostname="Aadhyanth" failures="0" tests="1" name="Tanoj.eCommerce_tc_4_Hybrid" time="53.982" errors="0" timestamp="2023-07-18T11:16:18 AEST" skipped="0">
  <testcase classname="Tanoj.eCommerce_tc_4_Hybrid" name="FillForm" time="53.982"/>
</testsuite> <!-- Tanoj.eCommerce_tc_4_Hybrid -->
