<?xml version="1.0" encoding="UTF-8"?>
<!-- Generated by org.testng.reporters.JUnitReportReporter -->
<testsuite hostname="Aadhyanth" failures="0" tests="1" name="Tanoj.Longpress" time="11.585" errors="0" timestamp="2023-07-10T10:45:47 AEST" skipped="0">
  <testcase classname="Tanoj.Longpress" name="WifiTest" time="11.585"/>
</testsuite> <!-- Tanoj.Longpress -->
