<?xml version="1.0" encoding="UTF-8"?>
<!-- Generated by org.testng.reporters.JUnitReportReporter -->
<testsuite hostname="Aadhyanth" failures="0" tests="1" name="Tanoj.AppiumBasics" time="5.451" errors="0" timestamp="2023-07-08T23:43:50 AEST" skipped="0">
  <testcase classname="Tanoj.AppiumBasics" name="WifiTest" time="5.451"/>
</testsuite> <!-- Tanoj.AppiumBasics -->
