<?xml version="1.0" encoding="UTF-8"?>
<!-- Generated by org.testng.reporters.JUnitReportReporter -->
<testsuite hostname="Aadhyanth" failures="0" tests="1" name="Tanoj.Jump_to_activitypage" time="5.984" errors="0" timestamp="2023-07-14T09:25:09 AEST" skipped="0">
  <testcase classname="Tanoj.Jump_to_activitypage" name="jumptoactivuity" time="5.984"/>
</testsuite> <!-- Tanoj.Jump_to_activitypage -->
