<?xml version="1.0" encoding="UTF-8"?>
<!-- Generated by org.testng.reporters.JUnitReportReporter -->
<testsuite hostname="Aadhyanth" failures="0" tests="1" name="Tanoj.eCommerce_tc_3" time="30.081" errors="0" timestamp="2023-07-17T14:27:00 AEST" skipped="0">
  <testcase classname="Tanoj.eCommerce_tc_3" name="FillForm" time="30.081"/>
</testsuite> <!-- Tanoj.eCommerce_tc_3 -->
