<?xml version="1.0" encoding="UTF-8"?>
<!-- Generated by org.testng.reporters.JUnitReportReporter -->
<testsuite hostname="Aadhyanth" failures="0" tests="1" name="Tanoj.Scroll" time="31.719" errors="0" timestamp="2023-07-10T15:20:30 AEST" skipped="0">
  <testcase classname="Tanoj.Scroll" name="Scroll" time="31.719"/>
</testsuite> <!-- Tanoj.Scroll -->
