<?xml version="1.0" encoding="UTF-8"?>
<!-- Generated by org.testng.reporters.JUnitReportReporter -->
<testsuite hostname="Aadhyanth" failures="0" tests="1" name="Tanoj.eCommerce_tc_1" time="52.726" errors="0" timestamp="2023-07-15T08:14:40 AEST" skipped="0">
  <testcase classname="Tanoj.eCommerce_tc_1" name="FillForm" time="52.726"/>
</testsuite> <!-- Tanoj.eCommerce_tc_1 -->
