<?xml version="1.0" encoding="UTF-8"?>
<!-- Generated by org.testng.reporters.JUnitReportReporter -->
<testsuite hostname="Aadhyanth" failures="0" tests="1" name="Tanoj.Toastmessage" time="11.369" errors="0" timestamp="2023-07-14T11:15:47 AEST" skipped="0">
  <testcase classname="Tanoj.Toastmessage" name="FillForm" time="11.369"/>
</testsuite> <!-- Tanoj.Toastmessage -->
