<?xml version="1.0" encoding="UTF-8"?>
<!-- Generated by org.testng.reporters.JUnitReportReporter -->
<testsuite hostname="Aadhyanth" failures="0" tests="1" name="Tanoj.Drag_Drop" time="8.874" errors="0" timestamp="2023-07-12T10:49:00 AEST" skipped="0">
  <testcase classname="Tanoj.Drag_Drop" name="Drag_Drop" time="8.874"/>
</testsuite> <!-- Tanoj.Drag_Drop -->
